#
# There is insufficient memory for the Java Runtime Environment to continue.
# Native memory allocation (mmap) failed to map 67108864 bytes for G1 virtual space
# Possible reasons:
#   The system is out of physical RAM or swap space
#   The process is running with CompressedOops enabled, and the Java Heap may be blocking the growth of the native heap
# Possible solutions:
#   Reduce memory load on the system
#   Increase physical memory or swap space
#   Check if swap backing store is full
#   Decrease Java heap size (-Xmx/-Xms)
#   Decrease number of Java threads
#   Decrease Java thread stack sizes (-Xss)
#   Set larger code cache with -XX:ReservedCodeCacheSize=
#   JVM is running with Unscaled Compressed Oops mode in which the Java heap is
#     placed in the first 4GB address space. The Java Heap base address is the
#     maximum limit for the native heap growth. Please use -XX:HeapBaseMinAddress
#     to set the Java Heap base and to place the Java Heap above 4GB virtual address.
# This output file may be truncated or incomplete.
#
#  Out of Memory Error (os_windows.cpp:3466), pid=13340, tid=812
#
# JRE version:  (16.0.1+9) (build )
# Java VM: OpenJDK 64-Bit Server VM (16.0.1+9-24, mixed mode, sharing, tiered, compressed oops, compressed class ptrs, g1 gc, windows-amd64)
# No core dump will be written. Minidumps are not enabled by default on client versions of Windows
#

---------------  S U M M A R Y ------------

Command Line: -javaagent:C:\Users\Nomthy\Desktop\Inventory\Godlin_Travel\Code\IntelliJ IDEA Community Edition 2021.1.3\lib\idea_rt.jar=54408:C:\Users\Nomthy\Desktop\Inventory\Godlin_Travel\Code\IntelliJ IDEA Community Edition 2021.1.3\bin -Dfile.encoding=UTF-8 com.glodintask.employeemanager.EmployeemanagerApplication

Host: Intel(R) Celeron(R) CPU  N3050  @ 1.60GHz, 2 cores, 3G,  Windows 10 , 64 bit Build 19041 (10.0.19041.1023)
Time: Tue Jul  6 17:58:17 2021 South Africa Standard Time elapsed time: 0.485105 seconds (0d 0h 0m 0s)

---------------  T H R E A D  ---------------

Current thread (0x00000265391360a0):  JavaThread "Unknown thread" [_thread_in_vm, id=812, stack(0x000000e906f00000,0x000000e907000000)]

Stack: [0x000000e906f00000,0x000000e907000000]
Native frames: (J=compiled Java code, j=interpreted, Vv=VM code, C=native code)
V  [jvm.dll+0x6687ca]
V  [jvm.dll+0x7ca3c9]
V  [jvm.dll+0x7cbb53]
V  [jvm.dll+0x7cc1b3]
V  [jvm.dll+0x242ea5]
V  [jvm.dll+0x665589]
V  [jvm.dll+0x65a175]
V  [jvm.dll+0x2fc5ab]
V  [jvm.dll+0x3037a6]
V  [jvm.dll+0x352fee]
V  [jvm.dll+0x35321f]
V  [jvm.dll+0x2d3618]
V  [jvm.dll+0x2d4854]
V  [jvm.dll+0x79ccb1]
V  [jvm.dll+0x360de1]
V  [jvm.dll+0x77a990]
V  [jvm.dll+0x3e55af]
V  [jvm.dll+0x3e7081]
C  [jli.dll+0x52fb]
C  [ucrtbase.dll+0x21bb2]
C  [KERNEL32.DLL+0x17034]
C  [ntdll.dll+0x52651]


---------------  P R O C E S S  ---------------

Threads class SMR info:
_java_thread_list=0x00007ff95f5ccbb8, length=0, elements={
}

Java Threads: ( => current thread )

Other Threads:
  0x0000026539163540 GCTaskThread "GC Thread#0" [stack: 0x000000e907000000,0x000000e907100000] [id=5808]
  0x000002653916c2c0 ConcurrentGCThread "G1 Main Marker" [stack: 0x000000e907100000,0x000000e907200000] [id=12304]
  0x000002653916cd30 ConcurrentGCThread "G1 Conc#0" [stack: 0x000000e907200000,0x000000e907300000] [id=8984]

[error occurred during error reporting (printing all threads), id 0xc0000005, EXCEPTION_ACCESS_VIOLATION (0xc0000005) at pc=0x00007ff95eda44d7]

VM state: not at safepoint (not fully initialized)

VM Mutex/Monitor currently owned by a thread:  ([mutex/lock_event])
[0x0000026539132690] Heap_lock - owner thread: 0x00000265391360a0

Heap address: 0x00000000c1600000, size: 1002 MB, Compressed Oops mode: 32-bit

CDS archive(s) mapped at: [0x0000000000000000-0x0000000000000000-0x0000000000000000), size 0, SharedBaseAddress: 0x0000000800000000, ArchiveRelocationMode: 0.
Narrow klass base: 0x0000000000000000, Narrow klass shift: 0, Narrow klass range: 0x0

GC Precious Log:
<Empty>

Heap:
 garbage-first heap   total 0K, used 0K [0x00000000c1600000, 0x0000000100000000)
  region size 1024K, 0 young (0K), 0 survivors (0K)

[error occurred during error reporting (printing heap information), id 0xc0000005, EXCEPTION_ACCESS_VIOLATION (0xc0000005) at pc=0x00007ff95f1824ed]

GC Heap History (0 events):
No events

Deoptimization events (0 events):
No events

Classes unloaded (0 events):
No events

Classes redefined (0 events):
No events

Internal exceptions (0 events):
No events

Events (1 events):
Event: 0.276 Loaded shared library C:\Users\Nomthy\.jdks\openjdk-16.0.1\bin\java.dll


Dynamic libraries:
0x00007ff706770000 - 0x00007ff70677e000 	C:\Users\Nomthy\.jdks\openjdk-16.0.1\bin\java.exe
0x00007ff99a450000 - 0x00007ff99a645000 	C:\WINDOWS\SYSTEM32\ntdll.dll
0x00007ff9988f0000 - 0x00007ff9989ad000 	C:\WINDOWS\System32\KERNEL32.DLL
0x00007ff997b90000 - 0x00007ff997e58000 	C:\WINDOWS\System32\KERNELBASE.dll
0x00007ff997e60000 - 0x00007ff997f60000 	C:\WINDOWS\System32\ucrtbase.dll
0x00007ff9927b0000 - 0x00007ff9927c8000 	C:\Users\Nomthy\.jdks\openjdk-16.0.1\bin\jli.dll
0x00007ff9984c0000 - 0x00007ff998660000 	C:\WINDOWS\System32\USER32.dll
0x00007ff998490000 - 0x00007ff9984b2000 	C:\WINDOWS\System32\win32u.dll
0x00007ff999d30000 - 0x00007ff999d5a000 	C:\WINDOWS\System32\GDI32.dll
0x00007ff9982c0000 - 0x00007ff9983cb000 	C:\WINDOWS\System32\gdi32full.dll
0x00007ff9981d0000 - 0x00007ff99826d000 	C:\WINDOWS\System32\msvcp_win.dll
0x00007ff992310000 - 0x00007ff992329000 	C:\Users\Nomthy\.jdks\openjdk-16.0.1\bin\VCRUNTIME140.dll
0x00007ff9971f0000 - 0x00007ff99748a000 	C:\WINDOWS\WinSxS\amd64_microsoft.windows.common-controls_6595b64144ccf1df_6.0.19041.1052_none_60b8f8fd71f5e8cb\COMCTL32.dll
0x00007ff999c90000 - 0x00007ff999d2e000 	C:\WINDOWS\System32\msvcrt.dll
0x00007ff999d80000 - 0x00007ff999db0000 	C:\WINDOWS\System32\IMM32.DLL
0x00007ff992920000 - 0x00007ff99292c000 	C:\Users\Nomthy\.jdks\openjdk-16.0.1\bin\vcruntime140_1.dll
0x00007ff9825d0000 - 0x00007ff982661000 	C:\Users\Nomthy\.jdks\openjdk-16.0.1\bin\msvcp140.dll
0x00007ff95eac0000 - 0x00007ff95f66b000 	C:\Users\Nomthy\.jdks\openjdk-16.0.1\bin\server\jvm.dll
0x00007ff9992f0000 - 0x00007ff99939c000 	C:\WINDOWS\System32\ADVAPI32.dll
0x00007ff999db0000 - 0x00007ff999e4b000 	C:\WINDOWS\System32\sechost.dll
0x00007ff9990e0000 - 0x00007ff99920b000 	C:\WINDOWS\System32\RPCRT4.dll
0x00007ff998790000 - 0x00007ff998798000 	C:\WINDOWS\System32\PSAPI.DLL
0x00007ff9953f0000 - 0x00007ff9953f9000 	C:\WINDOWS\SYSTEM32\WSOCK32.dll
0x00007ff999280000 - 0x00007ff9992eb000 	C:\WINDOWS\System32\WS2_32.dll
0x00007ff98a9c0000 - 0x00007ff98a9e7000 	C:\WINDOWS\SYSTEM32\WINMM.dll
0x00007ff98a850000 - 0x00007ff98a85a000 	C:\WINDOWS\SYSTEM32\VERSION.dll
0x00007ff995670000 - 0x00007ff995682000 	C:\WINDOWS\SYSTEM32\kernel.appcore.dll
0x00007ff992900000 - 0x00007ff99290a000 	C:\Users\Nomthy\.jdks\openjdk-16.0.1\bin\jimage.dll
0x00007ff997540000 - 0x00007ff997724000 	C:\WINDOWS\SYSTEM32\DBGHELP.DLL
0x00007ff997490000 - 0x00007ff9974bc000 	C:\WINDOWS\SYSTEM32\dbgcore.DLL
0x00007ff9983d0000 - 0x00007ff998453000 	C:\WINDOWS\System32\bcryptPrimitives.dll
0x00007ff992340000 - 0x00007ff99234e000 	C:\Users\Nomthy\.jdks\openjdk-16.0.1\bin\instrument.dll
0x00007ff992280000 - 0x00007ff9922a5000 	C:\Users\Nomthy\.jdks\openjdk-16.0.1\bin\java.dll

dbghelp: loaded successfully - version: 4.0.5 - missing functions: none
symbol engine: initialized successfully - sym options: 0x614 - pdb path: .;C:\Users\Nomthy\.jdks\openjdk-16.0.1\bin;C:\WINDOWS\SYSTEM32;C:\WINDOWS\WinSxS\amd64_microsoft.windows.common-controls_6595b64144ccf1df_6.0.19041.1052_none_60b8f8fd71f5e8cb;C:\Users\Nomthy\.jdks\openjdk-16.0.1\bin\server

VM Arguments:
jvm_args: -javaagent:C:\Users\Nomthy\Desktop\Inventory\Godlin_Travel\Code\IntelliJ IDEA Community Edition 2021.1.3\lib\idea_rt.jar=54408:C:\Users\Nomthy\Desktop\Inventory\Godlin_Travel\Code\IntelliJ IDEA Community Edition 2021.1.3\bin -Dfile.encoding=UTF-8 
java_command: com.glodintask.employeemanager.EmployeemanagerApplication
java_class_path (initial): C:\Users\Nomthy\Desktop\Inventory\Godlin_Travel\Code\employeemanager\target\classes;C:\Users\Nomthy\.m2\repository\org\springframework\boot\spring-boot-starter-data-jpa\2.5.2\spring-boot-starter-data-jpa-2.5.2.jar;C:\Users\Nomthy\.m2\repository\org\springframework\boot\spring-boot-starter-aop\2.5.2\spring-boot-starter-aop-2.5.2.jar;C:\Users\Nomthy\.m2\repository\org\springframework\spring-aop\5.3.8\spring-aop-5.3.8.jar;C:\Users\Nomthy\.m2\repository\org\aspectj\aspectjweaver\1.9.6\aspectjweaver-1.9.6.jar;C:\Users\Nomthy\.m2\repository\org\springframework\boot\spring-boot-starter-jdbc\2.5.2\spring-boot-starter-jdbc-2.5.2.jar;C:\Users\Nomthy\.m2\repository\com\zaxxer\HikariCP\4.0.3\HikariCP-4.0.3.jar;C:\Users\Nomthy\.m2\repository\org\springframework\spring-jdbc\5.3.8\spring-jdbc-5.3.8.jar;C:\Users\Nomthy\.m2\repository\jakarta\transaction\jakarta.transaction-api\1.3.3\jakarta.transaction-api-1.3.3.jar;C:\Users\Nomthy\.m2\repository\jakarta\persistence\jakarta.persistence-api\2.2.3\jakarta.persistence-api-2.2.3.jar;C:\Users\Nomthy\.m2\repository\org\hibernate\hibernate-core\5.4.32.Final\hibernate-core-5.4.32.Final.jar;C:\Users\Nomthy\.m2\repository\org\jboss\logging\jboss-logging\3.4.2.Final\jboss-logging-3.4.2.Final.jar;C:\Users\Nomthy\.m2\repository\org\javassist\javassist\3.27.0-GA\javassist-3.27.0-GA.jar;C:\Users\Nomthy\.m2\repository\net\bytebuddy\byte-buddy\1.10.22\byte-buddy-1.10.22.jar;C:\Users\Nomthy\.m2\repository\antlr\antlr\2.7.7\antlr-2.7.7.jar;C:\Users\Nomthy\.m2\repository\org\jboss\jandex\2.2.3.Final\jandex-2.2.3.Final.jar;C:\Users\Nomthy\.m2\repository\com\fasterxml\classmate\1.5.1\classmate-1.5.1.jar;C:\Users\Nomthy\.m2\repository\org\dom4j\dom4j\2.1.3\dom4j-2.1.3.jar;C:\Users\Nomthy\.m2\repository\org\hibernate\common\hibernate-commons-annotations\5.1.2.Final\hibernate-commons-annotations-5.1.2.Final.jar;C:\Users\Nomthy\.m2\repository\org\glassfish\jaxb\jaxb-runtime\2.3.4\jaxb-runtime-2.3.4.jar;C:\Users\Nomthy\.m2\reposi
Launcher Type: SUN_STANDARD

[Global flags]
     intx CICompilerCount                          = 2                                         {product} {ergonomic}
     uint ConcGCThreads                            = 1                                         {product} {ergonomic}
     uint G1ConcRefinementThreads                  = 2                                         {product} {ergonomic}
   size_t G1HeapRegionSize                         = 1048576                                   {product} {ergonomic}
    uintx GCDrainStackTargetSize                   = 64                                        {product} {ergonomic}
   size_t InitialHeapSize                          = 67108864                                  {product} {ergonomic}
   size_t MarkStackSize                            = 4194304                                   {product} {ergonomic}
   size_t MaxHeapSize                              = 1050673152                                {product} {ergonomic}
   size_t MinHeapDeltaBytes                        = 1048576                                   {product} {ergonomic}
   size_t MinHeapSize                              = 8388608                                   {product} {ergonomic}
    uintx NonNMethodCodeHeapSize                   = 5826188                                {pd product} {ergonomic}
    uintx NonProfiledCodeHeapSize                  = 122916026                              {pd product} {ergonomic}
    uintx ProfiledCodeHeapSize                     = 122916026                              {pd product} {ergonomic}
    uintx ReservedCodeCacheSize                    = 251658240                              {pd product} {ergonomic}
     bool SegmentedCodeCache                       = true                                      {product} {ergonomic}
   size_t SoftMaxHeapSize                          = 1050673152                             {manageable} {ergonomic}
     bool UseCompressedClassPointers               = true                           {product lp64_product} {ergonomic}
     bool UseCompressedOops                        = true                           {product lp64_product} {ergonomic}
     bool UseG1GC                                  = true                                      {product} {ergonomic}
     bool UseLargePagesIndividualAllocation        = false                                  {pd product} {ergonomic}

Logging:
Log output configuration:
 #0: stdout all=warning uptime,level,tags
 #1: stderr all=off uptime,level,tags

Environment Variables:
JAVA_HOME=C:\Program Files\Java\jdk1.8.0_291
PATH=C:\Program Files\apache-maven-3.8.1\bin;C:\Program Files (x86)\Common Files\Oracle\Java\javapath;C:\Program Files (x86)\Intel\TXE Components\TCS\;C:\Program Files\Intel\TXE Components\TCS\;C:\WINDOWS\system32;C:\WINDOWS;C:\WINDOWS\System32\Wbem;C:\WINDOWS\System32\WindowsPowerShell\v1.0\;C:\Program Files\Intel\TXE Components\DAL\;C:\Program Files (x86)\Intel\TXE Components\DAL\;C:\Program Files\Intel\TXE Components\IPT\;C:\Program Files (x86)\Intel\TXE Components\IPT\;C:\Program Files\nodejs\;C:\Program Files (x86)\Brackets\command;C:\WINDOWS\System32\OpenSSH\;C:\Program Files\dotnet\;C:\Program Files\Microsoft SQL Server\130\Tools\Binn\;C:\Program Files\Microsoft SQL Server\Client SDK\ODBC\170\Tools\Binn\;C:\Program Files\Git\cmd;C:\Users\Nomthy\AppData\Local\Programs\Python\Python38-32\Scripts\;C:\Users\Nomthy\AppData\Local\Programs\Python\Python38-32\;C:\Users\Nomthy\AppData\Local\Programs\Microsoft VS Code\bin;C:\Program Files\JetBrains\PyCharm Community Edition 2020.1\bin;;C:\Users\Nomthy\AppData\Roaming\npm;C:\Users\Nomthy\AppData\Local\Microsoft\WindowsApps;C:\Users\Nomthy\AppData\Local\GitHubDesktop\bin;C:\Program Files\apache-maven-3.8.1\bin;;C:\Users\Nomthy\Desktop\Inventory\Godlin_Travel\Code\IntelliJ IDEA Community Edition 2021.1.3\bin;
USERNAME=Nomthy
OS=Windows_NT
PROCESSOR_IDENTIFIER=Intel64 Family 6 Model 76 Stepping 3, GenuineIntel



---------------  S Y S T E M  ---------------

OS:
 Windows 10 , 64 bit Build 19041 (10.0.19041.1023)
OS uptime: 1 days 10:30 hours

CPU: total 2 (initial active 2) (2 cores per cpu, 1 threads per core) family 6 model 76 stepping 3 microcode 0x368, cx8, cmov, fxsr, mmx, 3dnowpref, sse, sse2, sse3, ssse3, sse4.1, sse4.2, popcnt, tsc, tscinvbit, aes, erms, clmul, clflush

Memory: 4k page, system-wide physical 4007M (267M free)
TotalPageFile size 8031M (AvailPageFile size 17M)
current process WorkingSet (physical memory assigned to process): 9M, peak: 9M
current process commit charge ("private bytes"): 47M, peak: 111M

vm_info: OpenJDK 64-Bit Server VM (16.0.1+9-24) for windows-amd64 JRE (16.0.1+9-24), built on Mar 26 2021 19:30:07 by "mach5one" with MS VC++ 16.7 (VS2019)

END.
